{
  "stats": {
    "suites": 1,
    "tests": 3,
    "passes": 3,
    "pending": 0,
    "failures": 0,
    "start": "2019-02-19T11:23:12.501Z",
    "end": "2019-02-19T11:23:27.085Z",
    "duration": 14584,
    "testsRegistered": 3,
    "passPercent": 100,
    "pendingPercent": 0,
    "other": 0,
    "hasOther": false,
    "skipped": 0,
    "hasSkipped": false,
    "passPercentClass": "success",
    "pendingPercentClass": "danger"
  },
  "suites": {
    "uuid": "5848362a-53dd-4e11-a2a3-01e1d2581864",
    "title": "",
    "fullFile": "",
    "file": "",
    "beforeHooks": [
      {
        "title": "\"before all\" hook: start server",
        "fullTitle": "\"before all\" hook: start server",
        "timedOut": false,
        "duration": 1203,
        "pass": false,
        "fail": false,
        "pending": false,
        "code": "__awaiter(this, void 0, void 0, function* () {\n    yield nativescript_dev_appium_1.startServer();\n})",
        "err": {},
        "isRoot": true,
        "uuid": "a9efa7e3-f110-49d7-ad1a-bf25a5e12ea6",
        "isHook": true,
        "skipped": false
      }
    ],
    "afterHooks": [
      {
        "title": "\"after all\" hook: stop server",
        "fullTitle": "\"after all\" hook: stop server",
        "timedOut": false,
        "duration": 13,
        "pass": false,
        "fail": false,
        "pending": false,
        "code": "__awaiter(this, void 0, void 0, function* () {\n    yield nativescript_dev_appium_1.stopServer();\n})",
        "err": {},
        "isRoot": true,
        "uuid": "75873223-c86c-4695-9135-a38f775ac828",
        "isHook": true,
        "skipped": false
      }
    ],
    "tests": [],
    "suites": [
      {
        "uuid": "81db3f53-befc-4c02-b43e-bd169842c783",
        "title": "DateTimePicker",
        "fullFile": "/Users/dtodorov/SSD/nativescript-datetimepicker/demo-angular/e2e/tests.e2e.js",
        "file": "/e2e/tests.e2e.js",
        "beforeHooks": [
          {
            "title": "\"before all\" hook",
            "fullTitle": "DateTimePicker \"before all\" hook",
            "timedOut": false,
            "duration": 3983,
            "pass": false,
            "fail": false,
            "pending": false,
            "code": "__awaiter(this, void 0, void 0, function* () {\n        driver = yield nativescript_dev_appium_1.createDriver();\n        driver.defaultWaitTime = 15000;\n        let dir = \"mochawesome-report\";\n        if (!fs.existsSync(dir)) {\n            fs.mkdirSync(dir);\n        }\n        rimraf('mochawesome-report/*', function () { });\n    })",
            "err": {},
            "isRoot": false,
            "uuid": "e2e1d862-8b60-45f7-acd9-753d28d4c387",
            "isHook": true,
            "skipped": false
          }
        ],
        "afterHooks": [
          {
            "title": "\"after all\" hook",
            "fullTitle": "DateTimePicker \"after all\" hook",
            "timedOut": false,
            "duration": 572,
            "pass": false,
            "fail": false,
            "pending": false,
            "code": "__awaiter(this, void 0, void 0, function* () {\n        if (isSauceRun) {\n            driver.sessionId().then(function (sessionId) {\n                console.log(\"Report https://saucelabs.com/beta/tests/\" + sessionId);\n            });\n        }\n        yield driver.quit();\n        console.log(\"Quit driver!\");\n    })",
            "err": {},
            "isRoot": false,
            "uuid": "6b7acbac-a6d6-448c-ae48-10a3fb868072",
            "isHook": true,
            "skipped": false
          },
          {
            "title": "\"after each\" hook",
            "fullTitle": "DateTimePicker \"after each\" hook",
            "timedOut": false,
            "duration": 0,
            "pass": false,
            "fail": false,
            "pending": false,
            "code": "return __awaiter(this, void 0, void 0, function* () {\n    if (this.currentTest.state && this.currentTest.state === \"failed\") {\n        let png = yield driver.logScreenshot(this.currentTest.title);\n        fs.copyFile(png, './mochawesome-report/' + this.currentTest.title + '.png', function (err) {\n            if (err) {\n                throw err;\n            }\n            console.log('Screenshot saved.');\n        });\n        addContext(this, './' + this.currentTest.title + '.png');\n    }\n});",
            "err": {},
            "isRoot": false,
            "uuid": "e3c8884c-f6da-4e79-a688-0e0a92794ba6",
            "isHook": true,
            "skipped": false
          }
        ],
        "tests": [
          {
            "title": "Should verify demo title",
            "fullTitle": "DateTimePicker Should verify demo title",
            "timedOut": false,
            "duration": 495,
            "state": "passed",
            "speed": "slow",
            "pass": true,
            "fail": false,
            "pending": false,
            "code": "__awaiter(this, void 0, void 0, function* () {\n        const title = yield driver.findElementByText(\"DateTimePicker Demo NG\", nativescript_dev_appium_1.SearchOptions.exact);\n        chai_1.expect(title).to.exist;\n    })",
            "err": {},
            "isRoot": false,
            "uuid": "672c7a4d-e42b-4b9a-8d41-43c7d012ca20",
            "isHook": false,
            "skipped": false
          },
          {
            "title": "Should select date and verify value of picker field",
            "fullTitle": "DateTimePicker Should select date and verify value of picker field",
            "timedOut": false,
            "duration": 4071,
            "state": "passed",
            "speed": "slow",
            "pass": true,
            "fail": false,
            "pending": false,
            "code": "__awaiter(this, void 0, void 0, function* () {\n        const selectDateField = yield driver.findElementByText(\"select date\", nativescript_dev_appium_1.SearchOptions.contains);\n        yield selectDateField.click();\n        const okBtn = yield driver.findElementByText(\"OK\", nativescript_dev_appium_1.SearchOptions.exact);\n        yield okBtn.click();\n        const date = helper_1.getDateString();\n        console.log(date);\n        const dateSelected = yield driver.findElementByText(date);\n        chai_1.expect(dateSelected).to.exist;\n    })",
            "err": {},
            "isRoot": false,
            "uuid": "ae9f2229-7551-4df6-a098-93c84431c0e7",
            "isHook": false,
            "skipped": false
          },
          {
            "title": "Should select time and verify value of picker field",
            "fullTitle": "DateTimePicker Should select time and verify value of picker field",
            "timedOut": false,
            "duration": 4234,
            "state": "passed",
            "speed": "slow",
            "pass": true,
            "fail": false,
            "pending": false,
            "code": "__awaiter(this, void 0, void 0, function* () {\n        const selectTimeField = yield driver.findElementByText(\"select time\", nativescript_dev_appium_1.SearchOptions.contains);\n        yield selectTimeField.click();\n        const timeString = yield helper_1.getPickerTime();\n        const okBtn = yield driver.findElementByText(\"OK\", nativescript_dev_appium_1.SearchOptions.exact);\n        yield okBtn.click();\n        const timeSelected = yield driver.findElementByText(timeString, nativescript_dev_appium_1.SearchOptions.contains);\n        chai_1.expect(timeSelected).to.exist;\n    })",
            "err": {},
            "isRoot": false,
            "uuid": "12052790-7c06-4283-bde1-2d869c590cc3",
            "isHook": false,
            "skipped": false
          }
        ],
        "suites": [],
        "passes": [
          "672c7a4d-e42b-4b9a-8d41-43c7d012ca20",
          "ae9f2229-7551-4df6-a098-93c84431c0e7",
          "12052790-7c06-4283-bde1-2d869c590cc3"
        ],
        "failures": [],
        "pending": [],
        "skipped": [],
        "duration": 8800,
        "root": false,
        "rootEmpty": false,
        "_timeout": 999999
      }
    ],
    "passes": [],
    "failures": [],
    "pending": [],
    "skipped": [],
    "duration": 0,
    "root": true,
    "rootEmpty": true,
    "_timeout": 999999
  },
  "copyrightYear": 2019
}